[2025-06-04 17:06:14,943] C02G869CMD6M/INFO/locust.runners: Shape test starting.
[2025-06-04 17:06:14,945] C02G869CMD6M/INFO/locust.runners: Shape worker starting
[2025-06-04 17:06:14,945] C02G869CMD6M/INFO/locust.runners: Shape test updating to 10 users at 1.00 spawn rate
[2025-06-04 17:06:14,945] C02G869CMD6M/INFO/locust.runners: Ramping to 10 users at a rate of 1.00 per second
[2025-06-04 17:06:23,997] C02G869CMD6M/INFO/locust.runners: All users spawned: {"SocketUser": 10} (10 total users)
[2025-06-04 17:06:45,106] C02G869CMD6M/INFO/locust.runners: Shape test updating to 10 users at 0.00 spawn rate
[2025-06-04 17:06:45,107] C02G869CMD6M/INFO/locust.runners: Ramping to 10 users at a rate of 0.00 per second
[2025-06-04 17:06:45,107] C02G869CMD6M/INFO/locust.runners: All users spawned: {"SocketUser": 10} (10 total users)
[2025-06-04 17:07:45,469] C02G869CMD6M/INFO/locust.runners: Shape test updating to 1 users at 1.00 spawn rate
[2025-06-04 17:07:45,470] C02G869CMD6M/INFO/locust.runners: Ramping to 1 users at a rate of 1.00 per second
[2025-06-04 17:07:53,495] C02G869CMD6M/INFO/locust.runners: All users spawned: {"SocketUser": 1} (1 total users)
[2025-06-04 17:08:55,780] C02G869CMD6M/INFO/locust.runners: Shape test stopping
[2025-06-04 17:08:55,846] C02G869CMD6M/INFO/locust.main: --run-time limit reached, shutting down
[2025-06-04 17:08:55,848] C02G869CMD6M/INFO/locust.main: Starting Locust 2.31.2
[2025-06-04 17:08:55,944] C02G869CMD6M/INFO/locust.main: writing html report to file: reports/report.html
[2025-06-04 17:08:55,947] C02G869CMD6M/INFO/locust.main: Shutting down (exit code 0)
[2025-06-04 17:12:17,657] C02G869CMD6M/INFO/locust.runners: Shape test starting.
[2025-06-04 17:12:17,660] C02G869CMD6M/INFO/locust.runners: Shape worker starting
[2025-06-04 17:12:17,660] C02G869CMD6M/INFO/locust.runners: Shape test updating to 10 users at 1.00 spawn rate
[2025-06-04 17:12:17,660] C02G869CMD6M/INFO/locust.runners: Ramping to 10 users at a rate of 1.00 per second
[2025-06-04 17:12:26,682] C02G869CMD6M/INFO/locust.runners: All users spawned: {"SocketUser": 10} (10 total users)
[2025-06-04 17:12:47,783] C02G869CMD6M/INFO/locust.runners: Shape test updating to 10 users at 0.00 spawn rate
[2025-06-04 17:12:47,784] C02G869CMD6M/INFO/locust.runners: Ramping to 10 users at a rate of 0.00 per second
[2025-06-04 17:12:47,785] C02G869CMD6M/INFO/locust.runners: All users spawned: {"SocketUser": 10} (10 total users)
[2025-06-04 17:13:48,002] C02G869CMD6M/INFO/locust.runners: Shape test updating to 1 users at 1.00 spawn rate
[2025-06-04 17:13:48,002] C02G869CMD6M/INFO/locust.runners: Ramping to 1 users at a rate of 1.00 per second
[2025-06-04 17:13:56,026] C02G869CMD6M/INFO/locust.runners: All users spawned: {"SocketUser": 1} (1 total users)
[2025-06-04 17:14:58,278] C02G869CMD6M/INFO/locust.runners: Shape test stopping
[2025-06-04 17:14:58,325] C02G869CMD6M/INFO/locust.main: --run-time limit reached, shutting down
[2025-06-04 17:14:58,325] C02G869CMD6M/INFO/locust.main: Starting Locust 2.31.2
[2025-06-04 17:14:58,420] C02G869CMD6M/INFO/locust.main: writing html report to file: reports/report.html
[2025-06-04 17:14:58,423] C02G869CMD6M/INFO/locust.main: Shutting down (exit code 0)
[2025-06-05 11:53:01,444] C02G869CMD6M/INFO/locust.runners: Shape test starting.
[2025-06-05 11:53:01,447] C02G869CMD6M/INFO/locust.runners: Shape worker starting
[2025-06-05 11:53:01,447] C02G869CMD6M/INFO/locust.runners: Shape test updating to 10 users at 1.00 spawn rate
[2025-06-05 11:53:01,447] C02G869CMD6M/INFO/locust.runners: Ramping to 10 users at a rate of 1.00 per second
[2025-06-05 11:53:10,471] C02G869CMD6M/INFO/locust.runners: All users spawned: {"SocketUser": 10} (10 total users)
[2025-06-05 11:53:31,538] C02G869CMD6M/INFO/locust.runners: Shape test updating to 10 users at 0.00 spawn rate
[2025-06-05 11:53:31,538] C02G869CMD6M/INFO/locust.runners: Ramping to 10 users at a rate of 0.00 per second
[2025-06-05 11:53:31,538] C02G869CMD6M/INFO/locust.runners: All users spawned: {"SocketUser": 10} (10 total users)
[2025-06-05 11:54:32,037] C02G869CMD6M/INFO/locust.runners: Shape test updating to 1 users at 1.00 spawn rate
[2025-06-05 11:54:32,037] C02G869CMD6M/INFO/locust.runners: Ramping to 1 users at a rate of 1.00 per second
[2025-06-05 11:54:40,066] C02G869CMD6M/INFO/locust.runners: All users spawned: {"SocketUser": 1} (1 total users)
[2025-06-05 11:55:42,328] C02G869CMD6M/INFO/locust.runners: Shape test stopping
[2025-06-05 11:55:42,375] C02G869CMD6M/INFO/locust.main: --run-time limit reached, shutting down
[2025-06-05 11:55:42,375] C02G869CMD6M/INFO/locust.main: Starting Locust 2.31.2
[2025-06-05 11:55:42,486] C02G869CMD6M/INFO/locust.main: writing html report to file: reports/report.html
[2025-06-05 11:55:42,491] C02G869CMD6M/INFO/locust.main: Shutting down (exit code 0)
